<<<<<<< HEAD
﻿Build started 01/11/2015 13:49:30.
     1>Project "C:\Users\spres_000\Documents\elapsedCA\Elapsed-CA\plagarism check\plagarism check\plagarism check.vcxproj" on node 2 (Build target(s)).
     1>ClCompile:
         C:\Program Files (x86)\Microsoft Visual Studio 14.0\VC\bin\CL.exe /c /ZI /nologo /W3 /WX- /sdl /Od /Oy- /D _MBCS /Gm /EHsc /RTC1 /MDd /GS /fp:precise /Zc:wchar_t /Zc:forScope /Zc:inline /Fo"Debug\\" /Fd"Debug\vc140.pdb" /Gd /TP /analyze- /errorReport:prompt file.cpp
         file.cpp
     1>c:\users\spres_000\documents\elapsedca\elapsed-ca\plagarism check\plagarism check\file.cpp(49): warning C4018: '<': signed/unsigned mismatch
     1>c:\users\spres_000\documents\elapsedca\elapsed-ca\plagarism check\plagarism check\file.cpp(56): warning C4018: '<': signed/unsigned mismatch
=======
﻿Build started 11/10/2015 17:56:56.
     1>Project "E:\Algorithms\CA Elapsed\plagarism check\plagarism check\plagarism check.vcxproj" on node 2 (Build target(s)).
     1>ClCompile:
         C:\Program Files (x86)\Microsoft Visual Studio 12.0\VC\bin\CL.exe /c /ZI /nologo /W3 /WX- /sdl /Od /Oy- /D _MBCS /Gm /EHsc /RTC1 /MDd /GS /fp:precise /Zc:wchar_t /Zc:forScope /Fo"Debug\\" /Fd"Debug\vc120.pdb" /Gd /TP /analyze- /errorReport:prompt main.cpp
         main.cpp
>>>>>>> parent of e0055a0... Changed output formatting
       Link:
         C:\Program Files (x86)\Microsoft Visual Studio 14.0\VC\bin\link.exe /ERRORREPORT:PROMPT /OUT:"C:\Users\spres_000\Documents\elapsedCA\Elapsed-CA\plagarism check\Debug\plagarism check.exe" /INCREMENTAL /NOLOGO kernel32.lib user32.lib gdi32.lib winspool.lib comdlg32.lib advapi32.lib shell32.lib ole32.lib oleaut32.lib uuid.lib odbc32.lib odbccp32.lib /MANIFEST /MANIFESTUAC:"level='asInvoker' uiAccess='false'" /manifest:embed /Debug /PDB:"C:\Users\spres_000\Documents\elapsedCA\Elapsed-CA\plagarism check\Debug\plagarism check.pdb" /TLBID:1 /DYNAMICBASE /NXCOMPAT /IMPLIB:"C:\Users\spres_000\Documents\elapsedCA\Elapsed-CA\plagarism check\Debug\plagarism check.lib" /MACHINE:X86 Debug\file.obj
         Debug\main.obj
         Debug\roladex.obj
         plagarism check.vcxproj -> C:\Users\spres_000\Documents\elapsedCA\Elapsed-CA\plagarism check\Debug\plagarism check.exe
     1>Done Building Project "C:\Users\spres_000\Documents\elapsedCA\Elapsed-CA\plagarism check\plagarism check\plagarism check.vcxproj" (Build target(s)).

Build succeeded.

<<<<<<< HEAD
Time Elapsed 00:00:02.90
=======
Time Elapsed 00:00:04.35
>>>>>>> parent of e0055a0... Changed output formatting
